[debug] [2022-01-11T06:01:27.065Z] ----------------------------------------------------------------------
[debug] [2022-01-11T06:01:27.068Z] Command:       C:\Program Files\nodejs\node.exe C:\Users\elmim\AppData\Roaming\npm\node_modules\firebase-tools\lib\bin\firebase.js init
[debug] [2022-01-11T06:01:27.069Z] CLI Version:   9.23.1
[debug] [2022-01-11T06:01:27.069Z] Platform:      win32
[debug] [2022-01-11T06:01:27.070Z] Node Version:  v16.13.1
[debug] [2022-01-11T06:01:27.071Z] Time:          Tue Jan 11 2022 01:01:27 GMT-0500 (Eastern Standard Time)
[debug] [2022-01-11T06:01:27.071Z] ----------------------------------------------------------------------
[debug] 
[debug] [2022-01-11T06:01:27.135Z] > command requires scopes: ["email","openid","https://www.googleapis.com/auth/cloudplatformprojects.readonly","https://www.googleapis.com/auth/firebase","https://www.googleapis.com/auth/cloud-platform"]
[debug] [2022-01-11T06:01:27.136Z] > authorizing via signed-in user (elmimoallin@gmail.com)
[info] 
     ######## #### ########  ######## ########     ###     ######  ########
     ##        ##  ##     ## ##       ##     ##  ##   ##  ##       ##
     ######    ##  ########  ######   ########  #########  ######  ######
     ##        ##  ##    ##  ##       ##     ## ##     ##       ## ##
     ##       #### ##     ## ######## ########  ##     ##  ######  ########

You're about to initialize a Firebase project in this directory:

  C:\Users\elmim\Documents\GitHub\car-part-picker-site\carpartpicker

Before we get started, keep in mind:

  * You are initializing within an existing Firebase project directory

[info] 
=== Project Setup
[info] 
[info] First, let's associate this project directory with a Firebase project.
[info] You can create multiple project aliases by running firebase use --add, 
[info] but for now we'll just set up a default project.
[info] 
[debug] [2022-01-11T06:01:33.760Z] Using project from CLI flag: carpartpicker-39d1c
[debug] [2022-01-11T06:01:33.762Z] > refreshing access token with scopes: []
[debug] [2022-01-11T06:01:33.763Z] >>> HTTP REQUEST POST https://www.googleapis.com/oauth2/v3/token  
 <request body omitted>
[debug] [2022-01-11T06:01:33.873Z] <<< HTTP RESPONSE 200 {"date":"Tue, 11 Jan 2022 06:01:34 GMT","cache-control":"no-cache, no-store, max-age=0, must-revalidate","expires":"Mon, 01 Jan 1990 00:00:00 GMT","pragma":"no-cache","content-type":"application/json; charset=utf-8","vary":"X-Origin, Referer, Origin,Accept-Encoding","server":"scaffolding on HTTPServer2","x-xss-protection":"0","x-frame-options":"SAMEORIGIN","x-content-type-options":"nosniff","alt-svc":"h3=\":443\"; ma=2592000,h3-29=\":443\"; ma=2592000,h3-Q050=\":443\"; ma=2592000,h3-Q046=\":443\"; ma=2592000,h3-Q043=\":443\"; ma=2592000,quic=\":443\"; ma=2592000; v=\"46,43\"","accept-ranges":"none","transfer-encoding":"chunked"}
[debug] [2022-01-11T06:01:33.883Z] >>> [apiv2][query] GET https://firebase.googleapis.com/v1beta1/projects/carpartpicker-39d1c [none]
[debug] [2022-01-11T06:01:34.163Z] <<< [apiv2][status] GET https://firebase.googleapis.com/v1beta1/projects/carpartpicker-39d1c 403
[debug] [2022-01-11T06:01:34.164Z] <<< [apiv2][body] GET https://firebase.googleapis.com/v1beta1/projects/carpartpicker-39d1c {"error":{"code":403,"message":"The caller does not have permission","status":"PERMISSION_DENIED"}}
[debug] [2022-01-11T06:01:34.164Z] HTTP Error: 403, The caller does not have permission
[debug] [2022-01-11T06:01:34.227Z] FirebaseError: HTTP Error: 403, The caller does not have permission
    at module.exports (C:\Users\elmim\AppData\Roaming\npm\node_modules\firebase-tools\lib\responseToError.js:38:12)
    at Client.doRequest (C:\Users\elmim\AppData\Roaming\npm\node_modules\firebase-tools\lib\apiv2.js:241:23)
    at processTicksAndRejections (node:internal/process/task_queues:96:5)
    at async Client.request (C:\Users\elmim\AppData\Roaming\npm\node_modules\firebase-tools\lib\apiv2.js:96:20)
    at async Object.getFirebaseProject (C:\Users\elmim\AppData\Roaming\npm\node_modules\firebase-tools\lib\management\projects.js:290:21)
    at async Object.doSetup [as project] (C:\Users\elmim\AppData\Roaming\npm\node_modules\firebase-tools\lib\init\features\project.js:85:27)
    at async init (C:\Users\elmim\AppData\Roaming\npm\node_modules\firebase-tools\lib\init\index.js:19:9)
[error] 
[error] Error: Failed to get Firebase project carpartpicker-39d1c. Please make sure the project exists and your account has permission to access it.
